2016-11-17 00:45:55 INFO  LogHelper:46 - HHH000204: Processing PersistenceUnitInfo [
	name: default
	...]
2016-11-17 00:45:58 INFO  Version:54 - HHH000412: Hibernate Core {4.3.10.Final}
2016-11-17 00:45:58 INFO  Environment:239 - HHH000206: hibernate.properties not found
2016-11-17 00:45:58 INFO  Environment:346 - HHH000021: Bytecode provider name : javassist
2016-11-17 00:46:00 INFO  Version:66 - HCANN000001: Hibernate Commons Annotations {4.0.5.Final}
2016-11-17 00:46:05 INFO  Dialect:145 - HHH000400: Using dialect: org.hibernate.dialect.MySQL5Dialect
2016-11-17 00:46:07 INFO  ASTQueryTranslatorFactory:47 - HHH000397: Using ASTQueryTranslatorFactory
2016-11-17 00:46:08 INFO  SchemaUpdate:207 - HHH000228: Running hbm2ddl schema update
2016-11-17 00:46:08 INFO  SchemaUpdate:218 - HHH000102: Fetching database metadata
2016-11-17 00:46:08 INFO  SchemaUpdate:230 - HHH000396: Updating schema
2016-11-17 00:46:09 INFO  TableMetadata:65 - HHH000261: Table found: blog.avatares
2016-11-17 00:46:09 INFO  TableMetadata:66 - HHH000037: Columns: [tipo, titulo, id, avatar]
2016-11-17 00:46:09 INFO  TableMetadata:68 - HHH000108: Foreign keys: []
2016-11-17 00:46:09 INFO  TableMetadata:69 - HHH000126: Indexes: [primary]
2016-11-17 00:46:09 INFO  TableMetadata:65 - HHH000261: Table found: blog.usuarios
2016-11-17 00:46:09 INFO  TableMetadata:66 - HHH000037: Columns: [senha_hash, avatar_id, data_cadastro, nome, id, email, perfil]
2016-11-17 00:46:09 INFO  TableMetadata:68 - HHH000108: Foreign keys: [fk_1viseg42e5ulcg81pw2taux7p]
2016-11-17 00:46:09 INFO  TableMetadata:69 - HHH000126: Indexes: [uk_exw5vja1pgfobcpqtldhnx6uv, uk_kfsp0s1tflm1cwlj8idhqsad0, fk_1viseg42e5ulcg81pw2taux7p, primary]
2016-11-17 00:46:09 INFO  SchemaUpdate:267 - HHH000232: Schema update complete
2016-11-17 00:46:27 INFO  LogHelper:46 - HHH000204: Processing PersistenceUnitInfo [
	name: default
	...]
2016-11-17 00:46:27 INFO  Version:54 - HHH000412: Hibernate Core {4.3.10.Final}
2016-11-17 00:46:27 INFO  Environment:239 - HHH000206: hibernate.properties not found
2016-11-17 00:46:27 INFO  Environment:346 - HHH000021: Bytecode provider name : javassist
2016-11-17 00:46:28 INFO  Version:66 - HCANN000001: Hibernate Commons Annotations {4.0.5.Final}
2016-11-17 00:46:33 INFO  Dialect:145 - HHH000400: Using dialect: org.hibernate.dialect.MySQL5Dialect
2016-11-17 00:46:33 INFO  ASTQueryTranslatorFactory:47 - HHH000397: Using ASTQueryTranslatorFactory
2016-11-17 00:46:34 INFO  SchemaUpdate:207 - HHH000228: Running hbm2ddl schema update
2016-11-17 00:46:34 INFO  SchemaUpdate:218 - HHH000102: Fetching database metadata
2016-11-17 00:46:34 INFO  SchemaUpdate:230 - HHH000396: Updating schema
2016-11-17 00:46:34 INFO  TableMetadata:65 - HHH000261: Table found: blog.avatares
2016-11-17 00:46:34 INFO  TableMetadata:66 - HHH000037: Columns: [tipo, titulo, id, avatar]
2016-11-17 00:46:34 INFO  TableMetadata:68 - HHH000108: Foreign keys: []
2016-11-17 00:46:34 INFO  TableMetadata:69 - HHH000126: Indexes: [primary]
2016-11-17 00:46:34 INFO  TableMetadata:65 - HHH000261: Table found: blog.usuarios
2016-11-17 00:46:34 INFO  TableMetadata:66 - HHH000037: Columns: [senha_hash, avatar_id, data_cadastro, nome, id, email, perfil]
2016-11-17 00:46:34 INFO  TableMetadata:68 - HHH000108: Foreign keys: [fk_1viseg42e5ulcg81pw2taux7p]
2016-11-17 00:46:34 INFO  TableMetadata:69 - HHH000126: Indexes: [uk_exw5vja1pgfobcpqtldhnx6uv, uk_kfsp0s1tflm1cwlj8idhqsad0, fk_1viseg42e5ulcg81pw2taux7p, primary]
2016-11-17 00:46:34 INFO  SchemaUpdate:267 - HHH000232: Schema update complete
